<?xml version="1.0" encoding="UTF-8"?>
<testng-results skipped="0" failed="0" total="1" passed="1">
  <reporter-output>
  </reporter-output>
  <suite name="Default suite" duration-ms="8938" started-at="2017-03-27T19:49:00Z" finished-at="2017-03-27T19:49:09Z">
    <groups>
    </groups>
    <test name="Default test" duration-ms="8938" started-at="2017-03-27T19:49:00Z" finished-at="2017-03-27T19:49:09Z">
      <class name="seltest12.testSeltest">
        <test-method status="PASS" signature="testLoginFB()[pri:0, instance:seltest12.testSeltest@2a5ca609]" name="testLoginFB" duration-ms="8922" started-at="2017-03-27T15:49:00Z" finished-at="2017-03-27T15:49:09Z">
          <reporter-output>
          </reporter-output>
        </test-method> <!-- testLoginFB -->
      </class> <!-- seltest12.testSeltest -->
    </test> <!-- Default test -->
  </suite> <!-- Default suite -->
</testng-results>
